<?xml version="1.0" encoding="UTF-8"?>
<testsuite xmlns:xsi="http://www.w3.org/2001/XMLSchema-instance" xsi:noNamespaceSchemaLocation="https://maven.apache.org/surefire/maven-surefire-plugin/xsd/surefire-test-report.xsd" version="3.0.2" name="com.example.dairyinventoryservice.DairyInventoryServiceApplicationTests" time="6.811" tests="1" errors="0" skipped="0" failures="0">
  <properties>
[...]
</properties>
  <testcase name="contextLoads" classname="com.example.dairyinventoryservice.DairyInventoryServiceApplicationTests" time="1.206">
    <system-out><![CDATA[22:01:20.935 [main] INFO org.springframework.test.context.support.AnnotationConfigContextLoaderUtils -- Could not detect default configuration classes for test class [com.example.dairyinventoryservice.DairyInventoryServiceApplicationTests]: DairyInventoryServiceApplicationTests does not declare any static, non-private, non-final, nested classes annotated with @Configuration.
22:01:21.155 [main] INFO org.springframework.boot.test.context.SpringBootTestContextBootstrapper -- Found @SpringBootConfiguration com.example.dairyinventoryservice.DairyInventoryServiceApplication for test class com.example.dairyinventoryservice.DairyInventoryServiceApplicationTests
2025-05-25T22:01:21.939+05:30  INFO 26404 --- [dairy-inventory-service] [           main] .d.DairyInventoryServiceApplicationTests : Starting DairyInventoryServiceApplicationTests using Java 22.0.1 with PID 26404 (started by Anuruththan in C:\Users\Anuruththan\Downloads\dairy-inventory-service)
2025-05-25T22:01:22.055+05:30  INFO 26404 --- [dairy-inventory-service] [           main] .d.DairyInventoryServiceApplicationTests : No active profile set, falling back to 1 default profile: "default"
2025-05-25T22:01:23.967+05:30  INFO 26404 --- [dairy-inventory-service] [           main] com.zaxxer.hikari.HikariDataSource       : HikariPool-1 - Starting...
2025-05-25T22:01:24.330+05:30  INFO 26404 --- [dairy-inventory-service] [           main] com.zaxxer.hikari.pool.HikariPool        : HikariPool-1 - Added connection org.postgresql.jdbc.PgConnection@7bee8621
2025-05-25T22:01:24.341+05:30  INFO 26404 --- [dairy-inventory-service] [           main] com.zaxxer.hikari.HikariDataSource       : HikariPool-1 - Start completed.
2025-05-25T22:01:25.818+05:30  INFO 26404 --- [dairy-inventory-service] [           main] o.s.v.b.OptionalValidatorFactoryBean     : Failed to set up a Bean Validation provider: jakarta.validation.NoProviderFoundException: Unable to create a Configuration, because no Jakarta Bean Validation provider could be found. Add a provider like Hibernate Validator (RI) to your classpath.
2025-05-25T22:01:26.309+05:30  INFO 26404 --- [dairy-inventory-service] [           main] .d.DairyInventoryServiceApplicationTests : Started DairyInventoryServiceApplicationTests in 4.934 seconds (process running for 6.62)
]]></system-out>
    <system-err><![CDATA[Mockito is currently self-attaching to enable the inline-mock-maker. This will no longer work in future releases of the JDK. Please add Mockito as an agent to your build what is described in Mockito's documentation: https://javadoc.io/doc/org.mockito/mockito-core/latest/org/mockito/Mockito.html#0.3
WARNING: A Java agent has been loaded dynamically (C:\Users\Anuruththan\.m2\repository\net\bytebuddy\byte-buddy-agent\1.15.11\byte-buddy-agent-1.15.11.jar)
WARNING: If a serviceability tool is in use, please run with -XX:+EnableDynamicAgentLoading to hide this warning
WARNING: If a serviceability tool is not in use, please run with -Djdk.instrument.traceUsage for more information
WARNING: Dynamic loading of agents will be disallowed by default in a future release
]]></system-err>
  </testcase>
</testsuite>